Web / API server started at http://localhost:1337
d [FetchError]: request to http://localhost:4400/emulators failed, reason: getaddrinfo ENOTFOUND localhost
    at ClientRequest.<anonymous> (/Users/malinhanak/.cache/firebase/emulators/ui-v1.5.0/server.bundle.js:326:16793)
    at ClientRequest.emit (events.js:200:13)
    at Socket.socketErrorListener (_http_client.js:402:9)
    at Socket.emit (events.js:200:13)
    at emitErrorNT (internal/streams/destroy.js:91:8)
    at emitErrorAndCloseNT (internal/streams/destroy.js:59:3)
    at processTicksAndRejections (internal/process/task_queues.js:84:9) {
  message: 'request to http://localhost:4400/emulators ' +
    'failed, reason: getaddrinfo ENOTFOUND ' +
    'localhost',
  type: 'system',
  errno: 'ENOTFOUND',
  code: 'ENOTFOUND'
}
d [FetchError]: request to http://localhost:4400/emulators failed, reason: getaddrinfo ENOTFOUND localhost
    at ClientRequest.<anonymous> (/Users/malinhanak/.cache/firebase/emulators/ui-v1.5.0/server.bundle.js:326:16793)
    at ClientRequest.emit (events.js:200:13)
    at Socket.socketErrorListener (_http_client.js:402:9)
    at Socket.emit (events.js:200:13)
    at emitErrorNT (internal/streams/destroy.js:91:8)
    at emitErrorAndCloseNT (internal/streams/destroy.js:59:3)
    at processTicksAndRejections (internal/process/task_queues.js:84:9) {
  message: 'request to http://localhost:4400/emulators ' +
    'failed, reason: getaddrinfo ENOTFOUND ' +
    'localhost',
  type: 'system',
  errno: 'ENOTFOUND',
  code: 'ENOTFOUND'
}
d [FetchError]: request to http://localhost:4400/emulators failed, reason: getaddrinfo ENOTFOUND localhost
    at ClientRequest.<anonymous> (/Users/malinhanak/.cache/firebase/emulators/ui-v1.5.0/server.bundle.js:326:16793)
    at ClientRequest.emit (events.js:200:13)
    at Socket.socketErrorListener (_http_client.js:402:9)
    at Socket.emit (events.js:200:13)
    at emitErrorNT (internal/streams/destroy.js:91:8)
    at emitErrorAndCloseNT (internal/streams/destroy.js:59:3)
    at processTicksAndRejections (internal/process/task_queues.js:84:9) {
  message: 'request to http://localhost:4400/emulators ' +
    'failed, reason: getaddrinfo ENOTFOUND ' +
    'localhost',
  type: 'system',
  errno: 'ENOTFOUND',
  code: 'ENOTFOUND'
}
d [FetchError]: request to http://localhost:4400/emulators failed, reason: getaddrinfo ENOTFOUND localhost
    at ClientRequest.<anonymous> (/Users/malinhanak/.cache/firebase/emulators/ui-v1.5.0/server.bundle.js:326:16793)
    at ClientRequest.emit (events.js:200:13)
    at Socket.socketErrorListener (_http_client.js:402:9)
    at Socket.emit (events.js:200:13)
    at emitErrorNT (internal/streams/destroy.js:91:8)
    at emitErrorAndCloseNT (internal/streams/destroy.js:59:3)
    at processTicksAndRejections (internal/process/task_queues.js:84:9) {
  message: 'request to http://localhost:4400/emulators ' +
    'failed, reason: getaddrinfo ENOTFOUND ' +
    'localhost',
  type: 'system',
  errno: 'ENOTFOUND',
  code: 'ENOTFOUND'
}
d [FetchError]: request to http://localhost:4400/emulators failed, reason: getaddrinfo ENOTFOUND localhost
    at ClientRequest.<anonymous> (/Users/malinhanak/.cache/firebase/emulators/ui-v1.5.0/server.bundle.js:326:16793)
    at ClientRequest.emit (events.js:200:13)
    at Socket.socketErrorListener (_http_client.js:402:9)
    at Socket.emit (events.js:200:13)
    at emitErrorNT (internal/streams/destroy.js:91:8)
    at emitErrorAndCloseNT (internal/streams/destroy.js:59:3)
    at processTicksAndRejections (internal/process/task_queues.js:84:9) {
  message: 'request to http://localhost:4400/emulators ' +
    'failed, reason: getaddrinfo ENOTFOUND ' +
    'localhost',
  type: 'system',
  errno: 'ENOTFOUND',
  code: 'ENOTFOUND'
}
d [FetchError]: request to http://localhost:4400/emulators failed, reason: getaddrinfo ENOTFOUND localhost
    at ClientRequest.<anonymous> (/Users/malinhanak/.cache/firebase/emulators/ui-v1.5.0/server.bundle.js:326:16793)
    at ClientRequest.emit (events.js:200:13)
    at Socket.socketErrorListener (_http_client.js:402:9)
    at Socket.emit (events.js:200:13)
    at emitErrorNT (internal/streams/destroy.js:91:8)
    at emitErrorAndCloseNT (internal/streams/destroy.js:59:3)
    at processTicksAndRejections (internal/process/task_queues.js:84:9) {
  message: 'request to http://localhost:4400/emulators ' +
    'failed, reason: getaddrinfo ENOTFOUND ' +
    'localhost',
  type: 'system',
  errno: 'ENOTFOUND',
  code: 'ENOTFOUND'
}
d [FetchError]: request to http://localhost:4400/emulators failed, reason: getaddrinfo ENOTFOUND localhost
    at ClientRequest.<anonymous> (/Users/malinhanak/.cache/firebase/emulators/ui-v1.5.0/server.bundle.js:326:16793)
    at ClientRequest.emit (events.js:200:13)
    at Socket.socketErrorListener (_http_client.js:402:9)
    at Socket.emit (events.js:200:13)
    at emitErrorNT (internal/streams/destroy.js:91:8)
    at emitErrorAndCloseNT (internal/streams/destroy.js:59:3)
    at processTicksAndRejections (internal/process/task_queues.js:84:9) {
  message: 'request to http://localhost:4400/emulators ' +
    'failed, reason: getaddrinfo ENOTFOUND ' +
    'localhost',
  type: 'system',
  errno: 'ENOTFOUND',
  code: 'ENOTFOUND'
}
d [FetchError]: request to http://localhost:4400/emulators failed, reason: getaddrinfo ENOTFOUND localhost
    at ClientRequest.<anonymous> (/Users/malinhanak/.cache/firebase/emulators/ui-v1.5.0/server.bundle.js:326:16793)
    at ClientRequest.emit (events.js:200:13)
    at Socket.socketErrorListener (_http_client.js:402:9)
    at Socket.emit (events.js:200:13)
    at emitErrorNT (internal/streams/destroy.js:91:8)
    at emitErrorAndCloseNT (internal/streams/destroy.js:59:3)
    at processTicksAndRejections (internal/process/task_queues.js:84:9) {
  message: 'request to http://localhost:4400/emulators ' +
    'failed, reason: getaddrinfo ENOTFOUND ' +
    'localhost',
  type: 'system',
  errno: 'ENOTFOUND',
  code: 'ENOTFOUND'
}
d [FetchError]: request to http://localhost:4400/emulators failed, reason: getaddrinfo ENOTFOUND localhost
    at ClientRequest.<anonymous> (/Users/malinhanak/.cache/firebase/emulators/ui-v1.5.0/server.bundle.js:326:16793)
    at ClientRequest.emit (events.js:200:13)
    at Socket.socketErrorListener (_http_client.js:402:9)
    at Socket.emit (events.js:200:13)
    at emitErrorNT (internal/streams/destroy.js:91:8)
    at emitErrorAndCloseNT (internal/streams/destroy.js:59:3)
    at processTicksAndRejections (internal/process/task_queues.js:84:9) {
  message: 'request to http://localhost:4400/emulators ' +
    'failed, reason: getaddrinfo ENOTFOUND ' +
    'localhost',
  type: 'system',
  errno: 'ENOTFOUND',
  code: 'ENOTFOUND'
}
d [FetchError]: request to http://localhost:4400/emulators failed, reason: getaddrinfo ENOTFOUND localhost
    at ClientRequest.<anonymous> (/Users/malinhanak/.cache/firebase/emulators/ui-v1.5.0/server.bundle.js:326:16793)
    at ClientRequest.emit (events.js:200:13)
    at Socket.socketErrorListener (_http_client.js:402:9)
    at Socket.emit (events.js:200:13)
    at emitErrorNT (internal/streams/destroy.js:91:8)
    at emitErrorAndCloseNT (internal/streams/destroy.js:59:3)
    at processTicksAndRejections (internal/process/task_queues.js:84:9) {
  message: 'request to http://localhost:4400/emulators ' +
    'failed, reason: getaddrinfo ENOTFOUND ' +
    'localhost',
  type: 'system',
  errno: 'ENOTFOUND',
  code: 'ENOTFOUND'
}
d [FetchError]: request to http://localhost:4400/emulators failed, reason: getaddrinfo ENOTFOUND localhost
    at ClientRequest.<anonymous> (/Users/malinhanak/.cache/firebase/emulators/ui-v1.5.0/server.bundle.js:326:16793)
    at ClientRequest.emit (events.js:200:13)
    at Socket.socketErrorListener (_http_client.js:402:9)
    at Socket.emit (events.js:200:13)
    at emitErrorNT (internal/streams/destroy.js:91:8)
    at emitErrorAndCloseNT (internal/streams/destroy.js:59:3)
    at processTicksAndRejections (internal/process/task_queues.js:84:9) {
  message: 'request to http://localhost:4400/emulators ' +
    'failed, reason: getaddrinfo ENOTFOUND ' +
    'localhost',
  type: 'system',
  errno: 'ENOTFOUND',
  code: 'ENOTFOUND'
}
d [FetchError]: request to http://localhost:4400/emulators failed, reason: getaddrinfo ENOTFOUND localhost
    at ClientRequest.<anonymous> (/Users/malinhanak/.cache/firebase/emulators/ui-v1.5.0/server.bundle.js:326:16793)
    at ClientRequest.emit (events.js:200:13)
    at Socket.socketErrorListener (_http_client.js:402:9)
    at Socket.emit (events.js:200:13)
    at emitErrorNT (internal/streams/destroy.js:91:8)
    at emitErrorAndCloseNT (internal/streams/destroy.js:59:3)
    at processTicksAndRejections (internal/process/task_queues.js:84:9) {
  message: 'request to http://localhost:4400/emulators ' +
    'failed, reason: getaddrinfo ENOTFOUND ' +
    'localhost',
  type: 'system',
  errno: 'ENOTFOUND',
  code: 'ENOTFOUND'
}
d [FetchError]: request to http://localhost:4400/emulators failed, reason: getaddrinfo ENOTFOUND localhost
    at ClientRequest.<anonymous> (/Users/malinhanak/.cache/firebase/emulators/ui-v1.5.0/server.bundle.js:326:16793)
    at ClientRequest.emit (events.js:200:13)
    at Socket.socketErrorListener (_http_client.js:402:9)
    at Socket.emit (events.js:200:13)
    at emitErrorNT (internal/streams/destroy.js:91:8)
    at emitErrorAndCloseNT (internal/streams/destroy.js:59:3)
    at processTicksAndRejections (internal/process/task_queues.js:84:9) {
  message: 'request to http://localhost:4400/emulators ' +
    'failed, reason: getaddrinfo ENOTFOUND ' +
    'localhost',
  type: 'system',
  errno: 'ENOTFOUND',
  code: 'ENOTFOUND'
}
d [FetchError]: request to http://localhost:4400/emulators failed, reason: getaddrinfo ENOTFOUND localhost
    at ClientRequest.<anonymous> (/Users/malinhanak/.cache/firebase/emulators/ui-v1.5.0/server.bundle.js:326:16793)
    at ClientRequest.emit (events.js:200:13)
    at Socket.socketErrorListener (_http_client.js:402:9)
    at Socket.emit (events.js:200:13)
    at emitErrorNT (internal/streams/destroy.js:91:8)
    at emitErrorAndCloseNT (internal/streams/destroy.js:59:3)
    at processTicksAndRejections (internal/process/task_queues.js:84:9) {
  message: 'request to http://localhost:4400/emulators ' +
    'failed, reason: getaddrinfo ENOTFOUND ' +
    'localhost',
  type: 'system',
  errno: 'ENOTFOUND',
  code: 'ENOTFOUND'
}
d [FetchError]: request to http://localhost:4400/emulators failed, reason: getaddrinfo ENOTFOUND localhost
    at ClientRequest.<anonymous> (/Users/malinhanak/.cache/firebase/emulators/ui-v1.5.0/server.bundle.js:326:16793)
    at ClientRequest.emit (events.js:200:13)
    at Socket.socketErrorListener (_http_client.js:402:9)
    at Socket.emit (events.js:200:13)
    at emitErrorNT (internal/streams/destroy.js:91:8)
    at emitErrorAndCloseNT (internal/streams/destroy.js:59:3)
    at processTicksAndRejections (internal/process/task_queues.js:84:9) {
  message: 'request to http://localhost:4400/emulators ' +
    'failed, reason: getaddrinfo ENOTFOUND ' +
    'localhost',
  type: 'system',
  errno: 'ENOTFOUND',
  code: 'ENOTFOUND'
}
d [FetchError]: request to http://localhost:4400/emulators failed, reason: getaddrinfo ENOTFOUND localhost
    at ClientRequest.<anonymous> (/Users/malinhanak/.cache/firebase/emulators/ui-v1.5.0/server.bundle.js:326:16793)
    at ClientRequest.emit (events.js:200:13)
    at Socket.socketErrorListener (_http_client.js:402:9)
    at Socket.emit (events.js:200:13)
    at emitErrorNT (internal/streams/destroy.js:91:8)
    at emitErrorAndCloseNT (internal/streams/destroy.js:59:3)
    at processTicksAndRejections (internal/process/task_queues.js:84:9) {
  message: 'request to http://localhost:4400/emulators ' +
    'failed, reason: getaddrinfo ENOTFOUND ' +
    'localhost',
  type: 'system',
  errno: 'ENOTFOUND',
  code: 'ENOTFOUND'
}
d [FetchError]: request to http://localhost:4400/emulators failed, reason: getaddrinfo ENOTFOUND localhost
    at ClientRequest.<anonymous> (/Users/malinhanak/.cache/firebase/emulators/ui-v1.5.0/server.bundle.js:326:16793)
    at ClientRequest.emit (events.js:200:13)
    at Socket.socketErrorListener (_http_client.js:402:9)
    at Socket.emit (events.js:200:13)
    at emitErrorNT (internal/streams/destroy.js:91:8)
    at emitErrorAndCloseNT (internal/streams/destroy.js:59:3)
    at processTicksAndRejections (internal/process/task_queues.js:84:9) {
  message: 'request to http://localhost:4400/emulators ' +
    'failed, reason: getaddrinfo ENOTFOUND ' +
    'localhost',
  type: 'system',
  errno: 'ENOTFOUND',
  code: 'ENOTFOUND'
}
d [FetchError]: request to http://localhost:4400/emulators failed, reason: getaddrinfo ENOTFOUND localhost
    at ClientRequest.<anonymous> (/Users/malinhanak/.cache/firebase/emulators/ui-v1.5.0/server.bundle.js:326:16793)
    at ClientRequest.emit (events.js:200:13)
    at Socket.socketErrorListener (_http_client.js:402:9)
    at Socket.emit (events.js:200:13)
    at emitErrorNT (internal/streams/destroy.js:91:8)
    at emitErrorAndCloseNT (internal/streams/destroy.js:59:3)
    at processTicksAndRejections (internal/process/task_queues.js:84:9) {
  message: 'request to http://localhost:4400/emulators ' +
    'failed, reason: getaddrinfo ENOTFOUND ' +
    'localhost',
  type: 'system',
  errno: 'ENOTFOUND',
  code: 'ENOTFOUND'
}
d [FetchError]: request to http://localhost:4400/emulators failed, reason: getaddrinfo ENOTFOUND localhost
    at ClientRequest.<anonymous> (/Users/malinhanak/.cache/firebase/emulators/ui-v1.5.0/server.bundle.js:326:16793)
    at ClientRequest.emit (events.js:200:13)
    at Socket.socketErrorListener (_http_client.js:402:9)
    at Socket.emit (events.js:200:13)
    at emitErrorNT (internal/streams/destroy.js:91:8)
    at emitErrorAndCloseNT (internal/streams/destroy.js:59:3)
    at processTicksAndRejections (internal/process/task_queues.js:84:9) {
  message: 'request to http://localhost:4400/emulators ' +
    'failed, reason: getaddrinfo ENOTFOUND ' +
    'localhost',
  type: 'system',
  errno: 'ENOTFOUND',
  code: 'ENOTFOUND'
}
d [FetchError]: request to http://localhost:4400/emulators failed, reason: getaddrinfo ENOTFOUND localhost
    at ClientRequest.<anonymous> (/Users/malinhanak/.cache/firebase/emulators/ui-v1.5.0/server.bundle.js:326:16793)
    at ClientRequest.emit (events.js:200:13)
    at Socket.socketErrorListener (_http_client.js:402:9)
    at Socket.emit (events.js:200:13)
    at emitErrorNT (internal/streams/destroy.js:91:8)
    at emitErrorAndCloseNT (internal/streams/destroy.js:59:3)
    at processTicksAndRejections (internal/process/task_queues.js:84:9) {
  message: 'request to http://localhost:4400/emulators ' +
    'failed, reason: getaddrinfo ENOTFOUND ' +
    'localhost',
  type: 'system',
  errno: 'ENOTFOUND',
  code: 'ENOTFOUND'
}
d [FetchError]: request to http://localhost:4400/emulators failed, reason: getaddrinfo ENOTFOUND localhost
    at ClientRequest.<anonymous> (/Users/malinhanak/.cache/firebase/emulators/ui-v1.5.0/server.bundle.js:326:16793)
    at ClientRequest.emit (events.js:200:13)
    at Socket.socketErrorListener (_http_client.js:402:9)
    at Socket.emit (events.js:200:13)
    at emitErrorNT (internal/streams/destroy.js:91:8)
    at emitErrorAndCloseNT (internal/streams/destroy.js:59:3)
    at processTicksAndRejections (internal/process/task_queues.js:84:9) {
  message: 'request to http://localhost:4400/emulators ' +
    'failed, reason: getaddrinfo ENOTFOUND ' +
    'localhost',
  type: 'system',
  errno: 'ENOTFOUND',
  code: 'ENOTFOUND'
}
d [FetchError]: request to http://localhost:4400/emulators failed, reason: getaddrinfo ENOTFOUND localhost
    at ClientRequest.<anonymous> (/Users/malinhanak/.cache/firebase/emulators/ui-v1.5.0/server.bundle.js:326:16793)
    at ClientRequest.emit (events.js:200:13)
    at Socket.socketErrorListener (_http_client.js:402:9)
    at Socket.emit (events.js:200:13)
    at emitErrorNT (internal/streams/destroy.js:91:8)
    at emitErrorAndCloseNT (internal/streams/destroy.js:59:3)
    at processTicksAndRejections (internal/process/task_queues.js:84:9) {
  message: 'request to http://localhost:4400/emulators ' +
    'failed, reason: getaddrinfo ENOTFOUND ' +
    'localhost',
  type: 'system',
  errno: 'ENOTFOUND',
  code: 'ENOTFOUND'
}
d [FetchError]: request to http://localhost:4400/emulators failed, reason: getaddrinfo ENOTFOUND localhost
    at ClientRequest.<anonymous> (/Users/malinhanak/.cache/firebase/emulators/ui-v1.5.0/server.bundle.js:326:16793)
    at ClientRequest.emit (events.js:200:13)
    at Socket.socketErrorListener (_http_client.js:402:9)
    at Socket.emit (events.js:200:13)
    at emitErrorNT (internal/streams/destroy.js:91:8)
    at emitErrorAndCloseNT (internal/streams/destroy.js:59:3)
    at processTicksAndRejections (internal/process/task_queues.js:84:9) {
  message: 'request to http://localhost:4400/emulators ' +
    'failed, reason: getaddrinfo ENOTFOUND ' +
    'localhost',
  type: 'system',
  errno: 'ENOTFOUND',
  code: 'ENOTFOUND'
}
d [FetchError]: request to http://localhost:4400/emulators failed, reason: getaddrinfo ENOTFOUND localhost
    at ClientRequest.<anonymous> (/Users/malinhanak/.cache/firebase/emulators/ui-v1.5.0/server.bundle.js:326:16793)
    at ClientRequest.emit (events.js:200:13)
    at Socket.socketErrorListener (_http_client.js:402:9)
    at Socket.emit (events.js:200:13)
    at emitErrorNT (internal/streams/destroy.js:91:8)
    at emitErrorAndCloseNT (internal/streams/destroy.js:59:3)
    at processTicksAndRejections (internal/process/task_queues.js:84:9) {
  message: 'request to http://localhost:4400/emulators ' +
    'failed, reason: getaddrinfo ENOTFOUND ' +
    'localhost',
  type: 'system',
  errno: 'ENOTFOUND',
  code: 'ENOTFOUND'
}
d [FetchError]: request to http://localhost:4400/emulators failed, reason: getaddrinfo ENOTFOUND localhost
    at ClientRequest.<anonymous> (/Users/malinhanak/.cache/firebase/emulators/ui-v1.5.0/server.bundle.js:326:16793)
    at ClientRequest.emit (events.js:200:13)
    at Socket.socketErrorListener (_http_client.js:402:9)
    at Socket.emit (events.js:200:13)
    at emitErrorNT (internal/streams/destroy.js:91:8)
    at emitErrorAndCloseNT (internal/streams/destroy.js:59:3)
    at processTicksAndRejections (internal/process/task_queues.js:84:9) {
  message: 'request to http://localhost:4400/emulators ' +
    'failed, reason: getaddrinfo ENOTFOUND ' +
    'localhost',
  type: 'system',
  errno: 'ENOTFOUND',
  code: 'ENOTFOUND'
}
d [FetchError]: request to http://localhost:4400/emulators failed, reason: getaddrinfo ENOTFOUND localhost
    at ClientRequest.<anonymous> (/Users/malinhanak/.cache/firebase/emulators/ui-v1.5.0/server.bundle.js:326:16793)
    at ClientRequest.emit (events.js:200:13)
    at Socket.socketErrorListener (_http_client.js:402:9)
    at Socket.emit (events.js:200:13)
    at emitErrorNT (internal/streams/destroy.js:91:8)
    at emitErrorAndCloseNT (internal/streams/destroy.js:59:3)
    at processTicksAndRejections (internal/process/task_queues.js:84:9) {
  message: 'request to http://localhost:4400/emulators ' +
    'failed, reason: getaddrinfo ENOTFOUND ' +
    'localhost',
  type: 'system',
  errno: 'ENOTFOUND',
  code: 'ENOTFOUND'
}
d [FetchError]: request to http://localhost:4400/emulators failed, reason: getaddrinfo ENOTFOUND localhost
    at ClientRequest.<anonymous> (/Users/malinhanak/.cache/firebase/emulators/ui-v1.5.0/server.bundle.js:326:16793)
    at ClientRequest.emit (events.js:200:13)
    at Socket.socketErrorListener (_http_client.js:402:9)
    at Socket.emit (events.js:200:13)
    at emitErrorNT (internal/streams/destroy.js:91:8)
    at emitErrorAndCloseNT (internal/streams/destroy.js:59:3)
    at processTicksAndRejections (internal/process/task_queues.js:84:9) {
  message: 'request to http://localhost:4400/emulators ' +
    'failed, reason: getaddrinfo ENOTFOUND ' +
    'localhost',
  type: 'system',
  errno: 'ENOTFOUND',
  code: 'ENOTFOUND'
}
d [FetchError]: request to http://localhost:4400/emulators failed, reason: getaddrinfo ENOTFOUND localhost
    at ClientRequest.<anonymous> (/Users/malinhanak/.cache/firebase/emulators/ui-v1.5.0/server.bundle.js:326:16793)
    at ClientRequest.emit (events.js:200:13)
    at Socket.socketErrorListener (_http_client.js:402:9)
    at Socket.emit (events.js:200:13)
    at emitErrorNT (internal/streams/destroy.js:91:8)
    at emitErrorAndCloseNT (internal/streams/destroy.js:59:3)
    at processTicksAndRejections (internal/process/task_queues.js:84:9) {
  message: 'request to http://localhost:4400/emulators ' +
    'failed, reason: getaddrinfo ENOTFOUND ' +
    'localhost',
  type: 'system',
  errno: 'ENOTFOUND',
  code: 'ENOTFOUND'
}
d [FetchError]: request to http://localhost:4400/emulators failed, reason: getaddrinfo ENOTFOUND localhost
    at ClientRequest.<anonymous> (/Users/malinhanak/.cache/firebase/emulators/ui-v1.5.0/server.bundle.js:326:16793)
    at ClientRequest.emit (events.js:200:13)
    at Socket.socketErrorListener (_http_client.js:402:9)
    at Socket.emit (events.js:200:13)
    at emitErrorNT (internal/streams/destroy.js:91:8)
    at emitErrorAndCloseNT (internal/streams/destroy.js:59:3)
    at processTicksAndRejections (internal/process/task_queues.js:84:9) {
  message: 'request to http://localhost:4400/emulators ' +
    'failed, reason: getaddrinfo ENOTFOUND ' +
    'localhost',
  type: 'system',
  errno: 'ENOTFOUND',
  code: 'ENOTFOUND'
}
d [FetchError]: request to http://localhost:4400/emulators failed, reason: getaddrinfo ENOTFOUND localhost
    at ClientRequest.<anonymous> (/Users/malinhanak/.cache/firebase/emulators/ui-v1.5.0/server.bundle.js:326:16793)
    at ClientRequest.emit (events.js:200:13)
    at Socket.socketErrorListener (_http_client.js:402:9)
    at Socket.emit (events.js:200:13)
    at emitErrorNT (internal/streams/destroy.js:91:8)
    at emitErrorAndCloseNT (internal/streams/destroy.js:59:3)
    at processTicksAndRejections (internal/process/task_queues.js:84:9) {
  message: 'request to http://localhost:4400/emulators ' +
    'failed, reason: getaddrinfo ENOTFOUND ' +
    'localhost',
  type: 'system',
  errno: 'ENOTFOUND',
  code: 'ENOTFOUND'
}
d [FetchError]: request to http://localhost:4400/emulators failed, reason: getaddrinfo ENOTFOUND localhost
    at ClientRequest.<anonymous> (/Users/malinhanak/.cache/firebase/emulators/ui-v1.5.0/server.bundle.js:326:16793)
    at ClientRequest.emit (events.js:200:13)
    at Socket.socketErrorListener (_http_client.js:402:9)
    at Socket.emit (events.js:200:13)
    at emitErrorNT (internal/streams/destroy.js:91:8)
    at emitErrorAndCloseNT (internal/streams/destroy.js:59:3)
    at processTicksAndRejections (internal/process/task_queues.js:84:9) {
  message: 'request to http://localhost:4400/emulators ' +
    'failed, reason: getaddrinfo ENOTFOUND ' +
    'localhost',
  type: 'system',
  errno: 'ENOTFOUND',
  code: 'ENOTFOUND'
}
d [FetchError]: request to http://localhost:4400/emulators failed, reason: getaddrinfo ENOTFOUND localhost
    at ClientRequest.<anonymous> (/Users/malinhanak/.cache/firebase/emulators/ui-v1.5.0/server.bundle.js:326:16793)
    at ClientRequest.emit (events.js:200:13)
    at Socket.socketErrorListener (_http_client.js:402:9)
    at Socket.emit (events.js:200:13)
    at emitErrorNT (internal/streams/destroy.js:91:8)
    at emitErrorAndCloseNT (internal/streams/destroy.js:59:3)
    at processTicksAndRejections (internal/process/task_queues.js:84:9) {
  message: 'request to http://localhost:4400/emulators ' +
    'failed, reason: getaddrinfo ENOTFOUND ' +
    'localhost',
  type: 'system',
  errno: 'ENOTFOUND',
  code: 'ENOTFOUND'
}
d [FetchError]: request to http://localhost:4400/emulators failed, reason: getaddrinfo ENOTFOUND localhost
    at ClientRequest.<anonymous> (/Users/malinhanak/.cache/firebase/emulators/ui-v1.5.0/server.bundle.js:326:16793)
    at ClientRequest.emit (events.js:200:13)
    at Socket.socketErrorListener (_http_client.js:402:9)
    at Socket.emit (events.js:200:13)
    at emitErrorNT (internal/streams/destroy.js:91:8)
    at emitErrorAndCloseNT (internal/streams/destroy.js:59:3)
    at processTicksAndRejections (internal/process/task_queues.js:84:9) {
  message: 'request to http://localhost:4400/emulators ' +
    'failed, reason: getaddrinfo ENOTFOUND ' +
    'localhost',
  type: 'system',
  errno: 'ENOTFOUND',
  code: 'ENOTFOUND'
}
d [FetchError]: request to http://localhost:4400/emulators failed, reason: getaddrinfo ENOTFOUND localhost
    at ClientRequest.<anonymous> (/Users/malinhanak/.cache/firebase/emulators/ui-v1.5.0/server.bundle.js:326:16793)
    at ClientRequest.emit (events.js:200:13)
    at Socket.socketErrorListener (_http_client.js:402:9)
    at Socket.emit (events.js:200:13)
    at emitErrorNT (internal/streams/destroy.js:91:8)
    at emitErrorAndCloseNT (internal/streams/destroy.js:59:3)
    at processTicksAndRejections (internal/process/task_queues.js:84:9) {
  message: 'request to http://localhost:4400/emulators ' +
    'failed, reason: getaddrinfo ENOTFOUND ' +
    'localhost',
  type: 'system',
  errno: 'ENOTFOUND',
  code: 'ENOTFOUND'
}
d [FetchError]: request to http://localhost:4400/emulators failed, reason: getaddrinfo ENOTFOUND localhost
    at ClientRequest.<anonymous> (/Users/malinhanak/.cache/firebase/emulators/ui-v1.5.0/server.bundle.js:326:16793)
    at ClientRequest.emit (events.js:200:13)
    at Socket.socketErrorListener (_http_client.js:402:9)
    at Socket.emit (events.js:200:13)
    at emitErrorNT (internal/streams/destroy.js:91:8)
    at emitErrorAndCloseNT (internal/streams/destroy.js:59:3)
    at processTicksAndRejections (internal/process/task_queues.js:84:9) {
  message: 'request to http://localhost:4400/emulators ' +
    'failed, reason: getaddrinfo ENOTFOUND ' +
    'localhost',
  type: 'system',
  errno: 'ENOTFOUND',
  code: 'ENOTFOUND'
}
d [FetchError]: request to http://localhost:4400/emulators failed, reason: getaddrinfo ENOTFOUND localhost
    at ClientRequest.<anonymous> (/Users/malinhanak/.cache/firebase/emulators/ui-v1.5.0/server.bundle.js:326:16793)
    at ClientRequest.emit (events.js:200:13)
    at Socket.socketErrorListener (_http_client.js:402:9)
    at Socket.emit (events.js:200:13)
    at emitErrorNT (internal/streams/destroy.js:91:8)
    at emitErrorAndCloseNT (internal/streams/destroy.js:59:3)
    at processTicksAndRejections (internal/process/task_queues.js:84:9) {
  message: 'request to http://localhost:4400/emulators ' +
    'failed, reason: getaddrinfo ENOTFOUND ' +
    'localhost',
  type: 'system',
  errno: 'ENOTFOUND',
  code: 'ENOTFOUND'
}
d [FetchError]: request to http://localhost:4400/emulators failed, reason: getaddrinfo ENOTFOUND localhost
    at ClientRequest.<anonymous> (/Users/malinhanak/.cache/firebase/emulators/ui-v1.5.0/server.bundle.js:326:16793)
    at ClientRequest.emit (events.js:200:13)
    at Socket.socketErrorListener (_http_client.js:402:9)
    at Socket.emit (events.js:200:13)
    at emitErrorNT (internal/streams/destroy.js:91:8)
    at emitErrorAndCloseNT (internal/streams/destroy.js:59:3)
    at processTicksAndRejections (internal/process/task_queues.js:84:9) {
  message: 'request to http://localhost:4400/emulators ' +
    'failed, reason: getaddrinfo ENOTFOUND ' +
    'localhost',
  type: 'system',
  errno: 'ENOTFOUND',
  code: 'ENOTFOUND'
}
d [FetchError]: request to http://localhost:4400/emulators failed, reason: getaddrinfo ENOTFOUND localhost
    at ClientRequest.<anonymous> (/Users/malinhanak/.cache/firebase/emulators/ui-v1.5.0/server.bundle.js:326:16793)
    at ClientRequest.emit (events.js:200:13)
    at Socket.socketErrorListener (_http_client.js:402:9)
    at Socket.emit (events.js:200:13)
    at emitErrorNT (internal/streams/destroy.js:91:8)
    at emitErrorAndCloseNT (internal/streams/destroy.js:59:3)
    at processTicksAndRejections (internal/process/task_queues.js:84:9) {
  message: 'request to http://localhost:4400/emulators ' +
    'failed, reason: getaddrinfo ENOTFOUND ' +
    'localhost',
  type: 'system',
  errno: 'ENOTFOUND',
  code: 'ENOTFOUND'
}
d [FetchError]: request to http://localhost:4400/emulators failed, reason: getaddrinfo ENOTFOUND localhost
    at ClientRequest.<anonymous> (/Users/malinhanak/.cache/firebase/emulators/ui-v1.5.0/server.bundle.js:326:16793)
    at ClientRequest.emit (events.js:200:13)
    at Socket.socketErrorListener (_http_client.js:402:9)
    at Socket.emit (events.js:200:13)
    at emitErrorNT (internal/streams/destroy.js:91:8)
    at emitErrorAndCloseNT (internal/streams/destroy.js:59:3)
    at processTicksAndRejections (internal/process/task_queues.js:84:9) {
  message: 'request to http://localhost:4400/emulators ' +
    'failed, reason: getaddrinfo ENOTFOUND ' +
    'localhost',
  type: 'system',
  errno: 'ENOTFOUND',
  code: 'ENOTFOUND'
}
d [FetchError]: request to http://localhost:4400/emulators failed, reason: getaddrinfo ENOTFOUND localhost
    at ClientRequest.<anonymous> (/Users/malinhanak/.cache/firebase/emulators/ui-v1.5.0/server.bundle.js:326:16793)
    at ClientRequest.emit (events.js:200:13)
    at Socket.socketErrorListener (_http_client.js:402:9)
    at Socket.emit (events.js:200:13)
    at emitErrorNT (internal/streams/destroy.js:91:8)
    at emitErrorAndCloseNT (internal/streams/destroy.js:59:3)
    at processTicksAndRejections (internal/process/task_queues.js:84:9) {
  message: 'request to http://localhost:4400/emulators ' +
    'failed, reason: getaddrinfo ENOTFOUND ' +
    'localhost',
  type: 'system',
  errno: 'ENOTFOUND',
  code: 'ENOTFOUND'
}
d [FetchError]: request to http://localhost:4400/emulators failed, reason: getaddrinfo ENOTFOUND localhost
    at ClientRequest.<anonymous> (/Users/malinhanak/.cache/firebase/emulators/ui-v1.5.0/server.bundle.js:326:16793)
    at ClientRequest.emit (events.js:200:13)
    at Socket.socketErrorListener (_http_client.js:402:9)
    at Socket.emit (events.js:200:13)
    at emitErrorNT (internal/streams/destroy.js:91:8)
    at emitErrorAndCloseNT (internal/streams/destroy.js:59:3)
    at processTicksAndRejections (internal/process/task_queues.js:84:9) {
  message: 'request to http://localhost:4400/emulators ' +
    'failed, reason: getaddrinfo ENOTFOUND ' +
    'localhost',
  type: 'system',
  errno: 'ENOTFOUND',
  code: 'ENOTFOUND'
}
d [FetchError]: request to http://localhost:4400/emulators failed, reason: getaddrinfo ENOTFOUND localhost
    at ClientRequest.<anonymous> (/Users/malinhanak/.cache/firebase/emulators/ui-v1.5.0/server.bundle.js:326:16793)
    at ClientRequest.emit (events.js:200:13)
    at Socket.socketErrorListener (_http_client.js:402:9)
    at Socket.emit (events.js:200:13)
    at emitErrorNT (internal/streams/destroy.js:91:8)
    at emitErrorAndCloseNT (internal/streams/destroy.js:59:3)
    at processTicksAndRejections (internal/process/task_queues.js:84:9) {
  message: 'request to http://localhost:4400/emulators ' +
    'failed, reason: getaddrinfo ENOTFOUND ' +
    'localhost',
  type: 'system',
  errno: 'ENOTFOUND',
  code: 'ENOTFOUND'
}
d [FetchError]: request to http://localhost:4400/emulators failed, reason: getaddrinfo ENOTFOUND localhost
    at ClientRequest.<anonymous> (/Users/malinhanak/.cache/firebase/emulators/ui-v1.5.0/server.bundle.js:326:16793)
    at ClientRequest.emit (events.js:200:13)
    at Socket.socketErrorListener (_http_client.js:402:9)
    at Socket.emit (events.js:200:13)
    at emitErrorNT (internal/streams/destroy.js:91:8)
    at emitErrorAndCloseNT (internal/streams/destroy.js:59:3)
    at processTicksAndRejections (internal/process/task_queues.js:84:9) {
  message: 'request to http://localhost:4400/emulators ' +
    'failed, reason: getaddrinfo ENOTFOUND ' +
    'localhost',
  type: 'system',
  errno: 'ENOTFOUND',
  code: 'ENOTFOUND'
}
d [FetchError]: request to http://localhost:4400/emulators failed, reason: getaddrinfo ENOTFOUND localhost
    at ClientRequest.<anonymous> (/Users/malinhanak/.cache/firebase/emulators/ui-v1.5.0/server.bundle.js:326:16793)
    at ClientRequest.emit (events.js:200:13)
    at Socket.socketErrorListener (_http_client.js:402:9)
    at Socket.emit (events.js:200:13)
    at emitErrorNT (internal/streams/destroy.js:91:8)
    at emitErrorAndCloseNT (internal/streams/destroy.js:59:3)
    at processTicksAndRejections (internal/process/task_queues.js:84:9) {
  message: 'request to http://localhost:4400/emulators ' +
    'failed, reason: getaddrinfo ENOTFOUND ' +
    'localhost',
  type: 'system',
  errno: 'ENOTFOUND',
  code: 'ENOTFOUND'
}
d [FetchError]: request to http://localhost:4400/emulators failed, reason: getaddrinfo ENOTFOUND localhost
    at ClientRequest.<anonymous> (/Users/malinhanak/.cache/firebase/emulators/ui-v1.5.0/server.bundle.js:326:16793)
    at ClientRequest.emit (events.js:200:13)
    at Socket.socketErrorListener (_http_client.js:402:9)
    at Socket.emit (events.js:200:13)
    at emitErrorNT (internal/streams/destroy.js:91:8)
    at emitErrorAndCloseNT (internal/streams/destroy.js:59:3)
    at processTicksAndRejections (internal/process/task_queues.js:84:9) {
  message: 'request to http://localhost:4400/emulators ' +
    'failed, reason: getaddrinfo ENOTFOUND ' +
    'localhost',
  type: 'system',
  errno: 'ENOTFOUND',
  code: 'ENOTFOUND'
}
d [FetchError]: request to http://localhost:4400/emulators failed, reason: getaddrinfo ENOTFOUND localhost
    at ClientRequest.<anonymous> (/Users/malinhanak/.cache/firebase/emulators/ui-v1.5.0/server.bundle.js:326:16793)
    at ClientRequest.emit (events.js:200:13)
    at Socket.socketErrorListener (_http_client.js:402:9)
    at Socket.emit (events.js:200:13)
    at emitErrorNT (internal/streams/destroy.js:91:8)
    at emitErrorAndCloseNT (internal/streams/destroy.js:59:3)
    at processTicksAndRejections (internal/process/task_queues.js:84:9) {
  message: 'request to http://localhost:4400/emulators ' +
    'failed, reason: getaddrinfo ENOTFOUND ' +
    'localhost',
  type: 'system',
  errno: 'ENOTFOUND',
  code: 'ENOTFOUND'
}
d [FetchError]: request to http://localhost:4400/emulators failed, reason: getaddrinfo ENOTFOUND localhost
    at ClientRequest.<anonymous> (/Users/malinhanak/.cache/firebase/emulators/ui-v1.5.0/server.bundle.js:326:16793)
    at ClientRequest.emit (events.js:200:13)
    at Socket.socketErrorListener (_http_client.js:402:9)
    at Socket.emit (events.js:200:13)
    at emitErrorNT (internal/streams/destroy.js:91:8)
    at emitErrorAndCloseNT (internal/streams/destroy.js:59:3)
    at processTicksAndRejections (internal/process/task_queues.js:84:9) {
  message: 'request to http://localhost:4400/emulators ' +
    'failed, reason: getaddrinfo ENOTFOUND ' +
    'localhost',
  type: 'system',
  errno: 'ENOTFOUND',
  code: 'ENOTFOUND'
}
